<?xml version="1.0" encoding="UTF-8"?>
<testng-results ignored="0" total="1" passed="1" failed="0" skipped="0">
  <reporter-output>
    <line>
      <![CDATA[Cornerstone Demo]]>
    </line>
    <line>
      <![CDATA[https://cornerstone-light-demo.mybigcommerce.com/checkout/order-confirmation]]>
    </line>
    <line>
      <![CDATA[Your order number is 1637]]>
    </line>
  </reporter-output>
  <suite started-at="2022-05-09T20:46:59 IST" name="Default suite" finished-at="2022-05-09T20:47:23 IST" duration-ms="24196">
    <groups>
    </groups>
    <test started-at="2022-05-09T20:46:59 IST" name="Default test" finished-at="2022-05-09T20:47:23 IST" duration-ms="24196">
      <class name="script.CornerStoneTest">
        <test-method is-config="true" signature="openApp()[pri:0, instance:script.CornerStoneTest@793be5ca]" started-at="2022-05-09T20:46:59 IST" name="openApp" finished-at="2022-05-09T20:47:02 IST" duration-ms="3118" status="PASS">
          <reporter-output>
          </reporter-output>
        </test-method> <!-- openApp -->
        <test-method signature="tc1()[pri:0, instance:script.CornerStoneTest@793be5ca]" started-at="2022-05-09T20:47:02 IST" name="tc1" finished-at="2022-05-09T20:47:23 IST" duration-ms="21042" status="PASS">
          <reporter-output>
            <line>
              <![CDATA[Cornerstone Demo]]>
            </line>
            <line>
              <![CDATA[https://cornerstone-light-demo.mybigcommerce.com/checkout/order-confirmation]]>
            </line>
            <line>
              <![CDATA[Your order number is 1637]]>
            </line>
          </reporter-output>
        </test-method> <!-- tc1 -->
        <test-method is-config="true" signature="closeApp(org.testng.ITestResult)[pri:0, instance:script.CornerStoneTest@793be5ca]" started-at="2022-05-09T20:47:23 IST" name="closeApp" finished-at="2022-05-09T20:47:23 IST" duration-ms="0" status="PASS">
          <params>
            <param index="0">
              <value>
                <![CDATA[[TestResult name=tc1 status=SUCCESS method=CornerStoneTest.tc1()[pri:0, instance:script.CornerStoneTest@793be5ca] output=Cornerstone Demo]]]>
              </value>
            </param>
          </params>
          <reporter-output>
          </reporter-output>
        </test-method> <!-- closeApp -->
      </class> <!-- script.CornerStoneTest -->
    </test> <!-- Default test -->
  </suite> <!-- Default suite -->
</testng-results>
